<?xml version="1.0" encoding="UTF-8"?>
<!-- Generated by org.testng.reporters.JUnitReportReporter -->
<testsuite skipped="0" hostname="DESKTOP-A83T4BP" name="testasn1.begainer" tests="1" failures="0" timestamp="2020-02-08T01:44:16 CST" time="8.503" errors="0">
  <testcase name="openGoogleSite" time="8.503" classname="testasn1.begainer"/>
</testsuite> <!-- testasn1.begainer -->
